{
  "stats": {
    "suites": 1,
    "tests": 1,
    "passes": 1,
    "pending": 0,
    "failures": 0,
    "start": "2024-05-15T07:40:52.485Z",
    "end": "2024-05-15T07:41:19.664Z",
    "duration": 27179,
    "testsRegistered": 1,
    "passPercent": 100,
    "pendingPercent": 0,
    "other": 0,
    "hasOther": false,
    "skipped": 0,
    "hasSkipped": false
  },
  "results": [
    {
      "uuid": "980be341-74ab-40bd-b003-6a7bd83758a5",
      "title": "",
      "fullFile": "cypress\\e2e\\homepage\\homepage.cy.js",
      "file": "cypress\\e2e\\homepage\\homepage.cy.js",
      "beforeHooks": [],
      "afterHooks": [],
      "tests": [],
      "suites": [
        {
          "uuid": "57392262-eedf-453b-aa53-242e90011fa4",
          "title": "Complete checkout as new user",
          "fullFile": "",
          "file": "",
          "beforeHooks": [],
          "afterHooks": [],
          "tests": [
            {
              "title": "User is able to complete podruct purchase flow[smoke][regression]",
              "fullTitle": "Complete checkout as new user User is able to complete podruct purchase flow[smoke][regression]",
              "timedOut": null,
              "duration": 27087,
              "state": "passed",
              "speed": "slow",
              "pass": true,
              "fail": false,
              "pending": false,
              "context": null,
              "code": "homepageAction.doScrollHomePage();\nhomepageAction.clickOnRandomProduct();\nproductAction.setProductQuantity(30);\nproductAction.clickOnAddToCart();\nproductAction.clickOnViewCart();\ncheckoutAction.clickOnCheckout();\ncheckoutAction.clickOnRegister();\nloginAction.DoValidSignUp(this.userData.newUser);\nsignupAction.enterValidAccountInformation(this.userData.newUser);\nhomepageAction.clickOnCartOnHeader();\ncheckoutAction.clickOnCheckout();\ncheckoutAction.clickOnPlaceOrder(this.userData.newUser);\npaymentAction.CompleteValidPayment(this.userData.newUser);\nloginAction.doLogOut();\nloginAction.doLoginWithStoredEmail();\nhomepageAction.clickOnContactUs();\ncontactusAction.sendContactUsMessage(this.userData.newUser);\nloginAction.doLogOut();",
              "err": {},
              "uuid": "e1474171-1fbb-426b-9141-a01d6eaa7825",
              "parentUUID": "57392262-eedf-453b-aa53-242e90011fa4",
              "isHook": false,
              "skipped": false
            }
          ],
          "suites": [],
          "passes": [
            "e1474171-1fbb-426b-9141-a01d6eaa7825"
          ],
          "failures": [],
          "pending": [],
          "skipped": [],
          "duration": 27087,
          "root": false,
          "rootEmpty": false,
          "_timeout": 2000
        }
      ],
      "passes": [],
      "failures": [],
      "pending": [],
      "skipped": [],
      "duration": 0,
      "root": true,
      "rootEmpty": true,
      "_timeout": 2000
    }
  ],
  "meta": {
    "mocha": {
      "version": "7.0.1"
    },
    "mochawesome": {
      "options": {
        "quiet": false,
        "reportFilename": "mochawesome",
        "saveHtml": true,
        "saveJson": true,
        "consoleReporter": "spec",
        "useInlineDiffs": false,
        "code": true
      },
      "version": "7.1.3"
    },
    "marge": {
      "options": {
        "reportDir": "cypress/reports",
        "overwrite": false,
        "html": true,
        "json": true
      },
      "version": "6.2.0"
    }
  }
}